TN:
SF:IngestionQueue.js
FN:15,(anonymous_0)
FN:27,(anonymous_1)
FN:49,(anonymous_2)
FN:67,(anonymous_3)
FN:70,(anonymous_4)
FN:98,(anonymous_5)
FN:125,(anonymous_6)
FN:253,(anonymous_7)
FN:254,(anonymous_8)
FN:266,(anonymous_9)
FN:270,(anonymous_10)
FN:277,(anonymous_11)
FN:289,(anonymous_12)
FN:295,(anonymous_13)
FN:303,(anonymous_14)
FNF:15
FNH:15
FNDA:22,(anonymous_0)
FNDA:22,(anonymous_1)
FNDA:12,(anonymous_2)
FNDA:5,(anonymous_3)
FNDA:6,(anonymous_4)
FNDA:7,(anonymous_5)
FNDA:6,(anonymous_6)
FNDA:3,(anonymous_7)
FNDA:3,(anonymous_8)
FNDA:2,(anonymous_9)
FNDA:25,(anonymous_10)
FNDA:32,(anonymous_11)
FNDA:22,(anonymous_12)
FNDA:52,(anonymous_13)
FNDA:1,(anonymous_14)
DA:11,6
DA:12,6
DA:16,22
DA:17,22
DA:18,22
DA:19,22
DA:20,22
DA:21,22
DA:22,22
DA:23,22
DA:28,22
DA:29,22
DA:36,22
DA:40,22
DA:41,0
DA:43,22
DA:46,22
DA:50,12
DA:61,12
DA:62,12
DA:63,12
DA:64,12
DA:68,5
DA:70,6
DA:71,5
DA:73,2
DA:74,2
DA:75,2
DA:76,2
DA:77,2
DA:79,2
DA:81,2
DA:82,2
DA:83,1
DA:84,1
DA:86,1
DA:87,1
DA:88,1
DA:90,2
DA:91,2
DA:92,2
DA:93,2
DA:94,2
DA:99,7
DA:100,7
DA:101,7
DA:102,7
DA:104,7
DA:107,7
DA:108,7
DA:109,7
DA:112,7
DA:113,7
DA:114,7
DA:116,7
DA:117,7
DA:120,7
DA:121,7
DA:122,1
DA:125,6
DA:127,6
DA:128,6
DA:131,6
DA:132,6
DA:133,6
DA:134,6
DA:135,6
DA:137,6
DA:140,6
DA:141,1
DA:142,1
DA:146,5
DA:147,5
DA:148,1
DA:149,1
DA:151,1
DA:157,1
DA:158,1
DA:166,1
DA:167,1
DA:171,4
DA:172,4
DA:173,1
DA:174,1
DA:178,3
DA:179,1
DA:180,1
DA:184,3
DA:185,3
DA:186,3
DA:187,3
DA:189,3
DA:195,2
DA:205,2
DA:206,1
DA:207,1
DA:209,1
DA:210,1
DA:213,1
DA:221,3
DA:222,3
DA:231,3
DA:235,6
DA:236,6
DA:238,6
DA:239,6
DA:240,6
DA:241,4
DA:242,4
DA:244,6
DA:248,6
DA:249,6
DA:250,6
DA:254,3
DA:255,3
DA:257,2
DA:258,1
DA:259,1
DA:260,1
DA:263,1
DA:267,2
DA:271,25
DA:272,25
DA:273,7
DA:274,7
DA:278,32
DA:279,32
DA:283,32
DA:285,0
DA:290,22
DA:291,22
DA:292,6
DA:293,6
DA:295,6
DA:296,52
DA:297,1
DA:298,1
DA:301,6
DA:303,6
DA:306,0
DA:307,0
LF:141
LH:137
BRDA:36,0,0,17
BRDA:36,0,1,5
BRDA:40,1,0,0
BRDA:40,1,1,22
BRDA:68,2,0,0
BRDA:68,2,1,5
BRDA:68,3,0,5
BRDA:68,3,1,5
BRDA:71,4,0,3
BRDA:71,4,1,2
BRDA:99,5,0,7
BRDA:99,5,1,7
BRDA:100,6,0,7
BRDA:100,6,1,7
BRDA:101,7,0,7
BRDA:101,7,1,0
BRDA:102,8,0,7
BRDA:102,8,1,0
BRDA:121,9,0,1
BRDA:121,9,1,6
BRDA:121,10,0,7
BRDA:121,10,1,7
BRDA:140,11,0,1
BRDA:140,11,1,5
BRDA:147,12,0,1
BRDA:147,12,1,4
BRDA:147,13,0,5
BRDA:147,13,1,1
BRDA:148,14,0,1
BRDA:148,14,1,0
BRDA:149,15,0,1
BRDA:149,15,1,0
BRDA:172,16,0,1
BRDA:172,16,1,3
BRDA:172,17,0,4
BRDA:172,17,1,4
BRDA:178,18,0,1
BRDA:178,18,1,2
BRDA:179,19,0,1
BRDA:179,19,1,0
BRDA:200,20,0,2
BRDA:200,20,1,0
BRDA:205,21,0,1
BRDA:205,21,1,1
BRDA:205,22,0,2
BRDA:205,22,1,1
BRDA:209,23,0,0
BRDA:209,23,1,1
BRDA:240,24,0,4
BRDA:240,24,1,2
BRDA:241,25,0,1
BRDA:241,25,1,3
BRDA:255,26,0,1
BRDA:255,26,1,2
BRDA:257,27,0,1
BRDA:257,27,1,1
BRDA:272,28,0,18
BRDA:272,28,1,7
BRDA:291,29,0,6
BRDA:291,29,1,16
BRDA:296,30,0,1
BRDA:296,30,1,51
BRF:62
BRH:53
end_of_record
TN:
SF:server.js
FN:44,initializeVectorStore
FN:74,(anonymous_1)
FN:98,(anonymous_2)
FN:100,isValidCollection
FN:104,isSafePath
FN:116,(anonymous_5)
FN:124,(anonymous_6)
FN:141,(anonymous_7)
FN:142,(anonymous_8)
FN:148,(anonymous_9)
FN:174,(anonymous_10)
FN:179,(anonymous_11)
FN:188,(anonymous_12)
FN:195,(anonymous_13)
FN:201,(anonymous_14)
FN:222,(anonymous_15)
FN:238,(anonymous_16)
FN:264,(anonymous_17)
FN:293,(anonymous_18)
FN:332,(anonymous_19)
FN:350,classifyModelRole
FN:357,(anonymous_21)
FN:363,(anonymous_22)
FN:377,(anonymous_23)
FN:382,(anonymous_24)
FN:417,(anonymous_25)
FN:493,(anonymous_26)
FN:498,(anonymous_27)
FN:506,(anonymous_28)
FN:531,(anonymous_29)
FN:555,(anonymous_30)
FN:567,(anonymous_31)
FN:602,(anonymous_32)
FN:610,(anonymous_33)
FNF:34
FNH:22
FNDA:6,initializeVectorStore
FNDA:0,(anonymous_1)
FNDA:6,(anonymous_2)
FNDA:8,isValidCollection
FNDA:9,isSafePath
FNDA:8,(anonymous_5)
FNDA:4,(anonymous_6)
FNDA:8,(anonymous_7)
FNDA:6,(anonymous_8)
FNDA:8,(anonymous_9)
FNDA:1,(anonymous_10)
FNDA:0,(anonymous_11)
FNDA:0,(anonymous_12)
FNDA:0,(anonymous_13)
FNDA:8,(anonymous_14)
FNDA:0,(anonymous_15)
FNDA:1,(anonymous_16)
FNDA:0,(anonymous_17)
FNDA:0,(anonymous_18)
FNDA:0,(anonymous_19)
FNDA:6,classifyModelRole
FNDA:2,(anonymous_21)
FNDA:6,(anonymous_22)
FNDA:3,(anonymous_23)
FNDA:2,(anonymous_24)
FNDA:3,(anonymous_25)
FNDA:2,(anonymous_26)
FNDA:2,(anonymous_27)
FNDA:2,(anonymous_28)
FNDA:0,(anonymous_29)
FNDA:0,(anonymous_30)
FNDA:3,(anonymous_31)
FNDA:0,(anonymous_32)
FNDA:0,(anonymous_33)
DA:18,6
DA:19,6
DA:22,6
DA:24,6
DA:25,6
DA:27,6
DA:31,6
DA:35,6
DA:36,6
DA:42,6
DA:45,6
DA:49,6
DA:50,6
DA:51,6
DA:53,6
DA:54,6
DA:55,6
DA:59,0
DA:62,0
DA:67,6
DA:70,6
DA:74,6
DA:75,0
DA:76,0
DA:77,0
DA:80,6
DA:81,6
DA:83,6
DA:84,6
DA:87,6
DA:88,6
DA:89,6
DA:91,0
DA:96,6
DA:98,6
DA:101,8
DA:105,9
DA:108,9
DA:111,8
DA:112,8
DA:115,8
DA:116,8
DA:117,8
DA:120,8
DA:124,6
DA:125,4
DA:127,4
DA:128,1
DA:134,3
DA:135,3
DA:140,2
DA:141,8
DA:142,6
DA:149,8
DA:150,4
DA:151,4
DA:154,2
DA:163,1
DA:174,6
DA:175,1
DA:179,6
DA:180,0
DA:181,0
DA:182,0
DA:185,0
DA:188,0
DA:189,0
DA:192,0
DA:195,0
DA:196,0
DA:201,6
DA:202,8
DA:203,8
DA:204,2
DA:208,6
DA:209,1
DA:213,5
DA:214,4
DA:217,1
DA:218,1
DA:222,6
DA:223,0
DA:224,0
DA:225,0
DA:227,0
DA:234,6
DA:235,6
DA:236,6
DA:238,6
DA:239,1
DA:240,1
DA:241,0
DA:244,1
DA:245,1
DA:246,1
DA:247,1
DA:248,1
DA:250,0
DA:259,6
DA:260,6
DA:261,6
DA:264,6
DA:265,0
DA:266,0
DA:267,0
DA:270,0
DA:271,0
DA:274,0
DA:277,0
DA:278,0
DA:279,0
DA:280,0
DA:283,0
DA:284,0
DA:285,0
DA:288,0
DA:289,0
DA:290,0
DA:293,0
DA:298,0
DA:299,0
DA:300,0
DA:301,0
DA:303,0
DA:315,0
DA:323,0
DA:324,0
DA:325,0
DA:327,0
DA:328,0
DA:332,6
DA:333,0
DA:335,0
DA:336,0
DA:339,0
DA:340,0
DA:341,0
DA:343,0
DA:348,6
DA:351,6
DA:352,6
DA:353,3
DA:357,6
DA:358,2
DA:359,2
DA:360,1
DA:363,6
DA:373,1
DA:374,1
DA:376,1
DA:378,3
DA:381,1
DA:383,2
DA:387,1
DA:404,1
DA:410,1
DA:417,6
DA:422,3
DA:424,3
DA:425,1
DA:428,2
DA:429,1
DA:432,1
DA:434,1
DA:435,1
DA:439,1
DA:440,0
DA:443,1
DA:446,1
DA:447,1
DA:452,1
DA:455,1
DA:458,1
DA:463,1
DA:468,1
DA:469,1
DA:470,1
DA:472,1
DA:473,2
DA:476,2
DA:478,2
DA:479,0
DA:482,0
DA:485,2
DA:486,2
DA:490,1
DA:493,2
DA:498,2
DA:506,2
DA:514,1
DA:515,1
DA:517,1
DA:519,1
DA:531,1
DA:534,1
DA:535,1
DA:536,1
DA:540,1
DA:544,1
DA:545,1
DA:547,1
DA:548,1
DA:554,1
DA:555,1
DA:556,0
DA:559,0
DA:563,1
DA:568,3
DA:575,1
DA:577,0
DA:579,0
DA:580,0
DA:585,0
DA:587,0
DA:588,0
DA:592,0
DA:595,0
DA:602,6
DA:603,0
DA:609,6
DA:610,0
DA:611,0
DA:612,0
LF:223
LH:150
BRDA:25,0,0,6
BRDA:25,0,1,6
BRDA:27,1,0,6
BRDA:27,1,1,6
BRDA:27,1,2,0
BRDA:27,1,3,0
BRDA:31,2,0,6
BRDA:31,2,1,0
BRDA:36,3,0,6
BRDA:36,3,1,0
BRDA:45,4,0,0
BRDA:45,4,1,6
BRDA:53,5,0,6
BRDA:53,5,1,0
BRDA:56,6,0,6
BRDA:56,6,1,5
BRDA:88,7,0,6
BRDA:88,7,1,0
BRDA:96,8,0,6
BRDA:96,8,1,4
BRDA:105,9,0,0
BRDA:105,9,1,9
BRDA:105,10,0,9
BRDA:105,10,1,9
BRDA:108,11,0,1
BRDA:108,11,1,8
BRDA:112,12,0,0
BRDA:112,12,1,8
BRDA:125,13,0,4
BRDA:125,13,1,0
BRDA:127,14,0,1
BRDA:127,14,1,3
BRDA:149,15,0,4
BRDA:149,15,1,4
BRDA:149,16,0,8
BRDA:149,16,1,8
BRDA:150,17,0,0
BRDA:150,17,1,4
BRDA:150,18,0,4
BRDA:150,18,1,0
BRDA:157,19,0,2
BRDA:157,19,1,0
BRDA:203,20,0,2
BRDA:203,20,1,6
BRDA:203,21,0,8
BRDA:203,21,1,7
BRDA:208,22,0,1
BRDA:208,22,1,5
BRDA:213,23,0,4
BRDA:213,23,1,1
BRDA:224,24,0,0
BRDA:224,24,1,0
BRDA:240,25,0,0
BRDA:240,25,1,1
BRDA:240,26,0,1
BRDA:240,26,1,0
BRDA:266,27,0,0
BRDA:266,27,1,0
BRDA:266,28,0,0
BRDA:266,28,1,0
BRDA:271,29,0,0
BRDA:271,29,1,0
BRDA:277,30,0,0
BRDA:277,30,1,0
BRDA:309,31,0,0
BRDA:309,31,1,0
BRDA:312,32,0,0
BRDA:312,32,1,0
BRDA:333,33,0,0
BRDA:333,34,0,0
BRDA:335,35,0,0
BRDA:335,35,1,0
BRDA:340,36,0,0
BRDA:340,36,1,0
BRDA:351,37,0,6
BRDA:351,37,1,0
BRDA:352,38,0,3
BRDA:352,38,1,3
BRDA:360,39,0,1
BRDA:360,39,1,0
BRDA:366,40,0,6
BRDA:366,40,1,0
BRDA:367,41,0,6
BRDA:367,41,1,0
BRDA:368,42,0,6
BRDA:368,42,1,0
BRDA:373,43,0,1
BRDA:373,43,1,0
BRDA:374,44,0,1
BRDA:374,44,1,0
BRDA:378,45,0,3
BRDA:378,45,1,3
BRDA:383,46,0,2
BRDA:383,46,1,1
BRDA:391,47,0,1
BRDA:391,47,1,0
BRDA:398,48,0,1
BRDA:398,48,1,0
BRDA:407,49,0,1
BRDA:407,49,1,1
BRDA:420,50,0,0
BRDA:421,51,0,3
BRDA:421,52,0,3
BRDA:421,52,1,0
BRDA:424,53,0,1
BRDA:424,53,1,2
BRDA:424,54,0,3
BRDA:424,54,1,2
BRDA:424,54,2,2
BRDA:428,55,0,1
BRDA:428,55,1,1
BRDA:439,56,0,0
BRDA:439,56,1,1
BRDA:449,57,0,1
BRDA:449,57,1,0
BRDA:473,58,0,2
BRDA:473,58,1,0
BRDA:473,58,2,0
BRDA:478,59,0,0
BRDA:478,59,1,2
BRDA:490,60,0,1
BRDA:490,60,1,0
BRDA:493,61,0,2
BRDA:493,61,1,0
BRDA:514,62,0,1
BRDA:514,62,1,0
BRDA:515,63,0,1
BRDA:515,63,1,0
BRDA:517,64,0,1
BRDA:517,64,1,1
BRDA:522,65,0,1
BRDA:522,65,1,0
BRDA:524,66,0,1
BRDA:524,66,1,0
BRDA:577,67,0,0
BRDA:577,67,1,0
BRDA:579,68,0,0
BRDA:579,68,1,0
BRDA:587,69,0,0
BRDA:587,69,1,0
BRDA:609,70,0,0
BRDA:609,70,1,6
BRF:142
BRH:78
end_of_record
TN:
SF:lib\configLoader.js
FN:114,tokenise
FN:120,(anonymous_1)
FN:259,parse
FN:338,parsePsd1
FN:366,loadConfig
FN:418,deepMerge
FNF:6
FNH:6
FNDA:17,tokenise
FNDA:877,(anonymous_1)
FNDA:445,parse
FNDA:17,parsePsd1
FNDA:10,loadConfig
FNDA:76,deepMerge
DA:16,7
DA:17,7
DA:20,7
DA:25,7
DA:117,17
DA:122,877
DA:123,877
DA:124,877
DA:125,877
DA:126,16134
DA:127,16134
DA:128,16134
DA:129,15656
DA:130,15892
DA:132,877
DA:137,17
DA:138,17
DA:139,17
DA:140,9949
DA:143,9949
DA:144,8596
DA:145,8596
DA:149,1353
DA:150,0
DA:151,0
DA:152,0
DA:153,0
DA:154,0
DA:158,1353
DA:159,239
DA:160,2254
DA:161,239
DA:162,239
DA:163,239
DA:167,1114
DA:168,81
DA:169,81
DA:170,81
DA:174,1033
DA:175,13
DA:176,13
DA:177,13
DA:181,1020
DA:182,4
DA:183,4
DA:184,4
DA:186,1016
DA:187,81
DA:188,81
DA:189,81
DA:191,935
DA:192,0
DA:193,0
DA:194,0
DA:196,935
DA:197,13
DA:198,13
DA:199,13
DA:201,922
DA:202,390
DA:203,390
DA:204,390
DA:206,532
DA:207,25
DA:208,25
DA:209,25
DA:211,507
DA:212,1
DA:213,1
DA:214,1
DA:218,506
DA:219,38
DA:220,159
DA:221,38
DA:222,38
DA:223,7
DA:224,0
DA:225,0
DA:226,38
DA:227,38
DA:231,468
DA:232,71
DA:233,71
DA:234,246
DA:235,71
DA:236,71
DA:237,71
DA:238,71
DA:242,397
DA:243,397
DA:244,4279
DA:245,397
DA:246,397
DA:247,397
DA:251,0
DA:253,17
DA:260,445
DA:261,445
DA:264,444
DA:265,81
DA:266,81
DA:267,81
DA:268,472
DA:269,472
DA:270,81
DA:271,81
DA:273,391
DA:274,1
DA:275,1
DA:279,390
DA:280,390
DA:281,390
DA:283,390
DA:284,390
DA:286,0
DA:289,81
DA:293,363
DA:294,13
DA:295,13
DA:296,13
DA:297,76
DA:298,76
DA:299,13
DA:300,13
DA:302,63
DA:303,25
DA:304,25
DA:306,38
DA:308,13
DA:312,350
DA:313,239
DA:314,239
DA:316,111
DA:317,71
DA:318,71
DA:320,40
DA:321,38
DA:322,38
DA:324,2
DA:325,0
DA:326,0
DA:330,2
DA:331,2
DA:339,17
DA:340,17
DA:341,17
DA:342,17
DA:343,17
DA:345,0
DA:367,10
DA:369,10
DA:370,10
DA:371,10
DA:372,9
DA:373,9
DA:374,9
DA:375,8
DA:379,1
DA:384,1
DA:389,0
DA:397,10
DA:400,10
DA:401,1
DA:402,1
DA:404,10
DA:405,1
DA:407,10
DA:408,1
DA:411,10
DA:419,76
DA:420,76
DA:421,76
DA:422,382
DA:430,66
DA:432,316
DA:435,76
LF:176
LH:160
BRDA:127,0,0,0
BRDA:127,0,1,16134
BRDA:127,1,0,16134
BRDA:127,1,1,0
BRDA:128,2,0,478
BRDA:128,2,1,15656
BRDA:128,3,0,16134
BRDA:128,3,1,478
BRDA:129,4,0,242
BRDA:129,4,1,15414
BRDA:129,5,0,15656
BRDA:129,5,1,242
BRDA:129,5,2,242
BRDA:143,6,0,8596
BRDA:143,6,1,1353
BRDA:149,7,0,0
BRDA:149,7,1,1353
BRDA:151,8,0,0
BRDA:151,8,1,0
BRDA:158,9,0,239
BRDA:158,9,1,1114
BRDA:160,10,0,2493
BRDA:160,10,1,2493
BRDA:167,11,0,81
BRDA:167,11,1,1033
BRDA:167,12,0,1114
BRDA:167,12,1,94
BRDA:174,13,0,13
BRDA:174,13,1,1020
BRDA:174,14,0,1033
BRDA:174,14,1,13
BRDA:181,15,0,4
BRDA:181,15,1,1016
BRDA:186,16,0,81
BRDA:186,16,1,935
BRDA:191,17,0,0
BRDA:191,17,1,935
BRDA:196,18,0,13
BRDA:196,18,1,922
BRDA:201,19,0,390
BRDA:201,19,1,532
BRDA:206,20,0,25
BRDA:206,20,1,507
BRDA:211,21,0,1
BRDA:211,21,1,506
BRDA:218,22,0,38
BRDA:218,22,1,468
BRDA:220,23,0,197
BRDA:220,23,1,197
BRDA:222,24,0,31
BRDA:222,24,1,7
BRDA:223,25,0,7
BRDA:223,25,1,0
BRDA:224,26,0,0
BRDA:224,26,1,0
BRDA:231,27,0,71
BRDA:231,27,1,397
BRDA:231,28,0,468
BRDA:231,28,1,71
BRDA:231,28,2,0
BRDA:231,29,0,0
BRDA:231,29,1,0
BRDA:233,30,0,0
BRDA:233,30,1,71
BRDA:234,31,0,317
BRDA:234,31,1,317
BRDA:242,32,0,397
BRDA:242,32,1,0
BRDA:244,33,0,4676
BRDA:244,33,1,4675
BRDA:259,34,0,0
BRDA:261,35,0,1
BRDA:261,35,1,444
BRDA:264,36,0,81
BRDA:264,36,1,363
BRDA:264,37,0,444
BRDA:264,37,1,363
BRDA:269,38,0,81
BRDA:269,38,1,391
BRDA:269,39,0,472
BRDA:269,39,1,472
BRDA:273,40,0,1
BRDA:273,40,1,390
BRDA:273,41,0,391
BRDA:273,41,1,390
BRDA:279,42,0,390
BRDA:279,42,1,0
BRDA:279,43,0,390
BRDA:279,43,1,0
BRDA:283,44,0,390
BRDA:283,44,1,0
BRDA:293,45,0,13
BRDA:293,45,1,350
BRDA:293,46,0,363
BRDA:293,46,1,350
BRDA:298,47,0,13
BRDA:298,47,1,63
BRDA:298,48,0,76
BRDA:298,48,1,76
BRDA:302,49,0,25
BRDA:302,49,1,38
BRDA:302,50,0,63
BRDA:302,50,1,38
BRDA:312,51,0,239
BRDA:312,51,1,111
BRDA:316,52,0,71
BRDA:316,52,1,40
BRDA:320,53,0,38
BRDA:320,53,1,2
BRDA:324,54,0,0
BRDA:324,54,1,2
BRDA:343,55,0,14
BRDA:343,55,1,3
BRDA:343,56,0,17
BRDA:343,56,1,14
BRDA:366,57,0,0
BRDA:371,58,0,9
BRDA:371,58,1,1
BRDA:374,59,0,8
BRDA:374,59,1,1
BRDA:397,60,0,10
BRDA:397,60,1,2
BRDA:400,61,0,1
BRDA:400,61,1,9
BRDA:404,62,0,1
BRDA:404,62,1,9
BRDA:407,63,0,1
BRDA:407,63,1,9
BRDA:419,64,0,0
BRDA:419,64,1,76
BRDA:419,65,0,76
BRDA:419,65,1,76
BRDA:422,66,0,66
BRDA:422,66,1,316
BRDA:423,67,0,382
BRDA:423,67,1,382
BRDA:423,67,2,78
BRDA:423,67,3,66
BRDA:423,67,4,66
BRDA:423,67,5,66
BRF:140
BRH:119
end_of_record
TN:
SF:lib\documentParser.js
FN:6,(anonymous_0)
FN:25,(anonymous_1)
FN:34,(anonymous_2)
FN:41,(anonymous_3)
FN:66,(anonymous_4)
FN:96,(anonymous_5)
FN:112,(anonymous_6)
FN:116,(anonymous_7)
FN:135,(anonymous_8)
FN:141,(anonymous_9)
FN:150,(anonymous_10)
FN:151,(anonymous_11)
FN:164,(anonymous_12)
FN:170,(anonymous_13)
FN:176,(anonymous_14)
FN:183,(anonymous_15)
FN:189,walk
FNF:17
FNH:17
FNDA:10,(anonymous_0)
FNDA:13,(anonymous_1)
FNDA:6,(anonymous_2)
FNDA:2,(anonymous_3)
FNDA:3,(anonymous_4)
FNDA:1,(anonymous_5)
FNDA:5,(anonymous_6)
FNDA:9,(anonymous_7)
FNDA:1,(anonymous_8)
FNDA:2,(anonymous_9)
FNDA:1,(anonymous_10)
FNDA:2,(anonymous_11)
FNDA:3,(anonymous_12)
FNDA:7,(anonymous_13)
FNDA:1,(anonymous_14)
FNDA:1,(anonymous_15)
FNDA:2,walk
DA:14,10
DA:15,10
DA:16,10
DA:17,10
DA:18,10
DA:19,10
DA:20,10
DA:26,13
DA:27,13
DA:29,13
DA:35,6
DA:42,2
DA:43,2
DA:45,2
DA:57,2
DA:59,2
DA:60,2
DA:62,0
DA:67,3
DA:68,3
DA:69,3
DA:70,1
DA:72,1
DA:74,1
DA:75,1
DA:76,1
DA:84,1
DA:87,1
DA:90,2
DA:91,0
DA:97,1
DA:98,1
DA:99,1
DA:100,1
DA:102,0
DA:103,0
DA:113,5
DA:124,9
DA:132,9
DA:136,1
DA:142,2
DA:143,2
DA:144,1
DA:147,1
DA:151,2
DA:152,1
DA:154,1
DA:155,2
DA:156,1
DA:159,1
DA:165,3
DA:166,3
DA:167,2
DA:171,7
DA:177,1
DA:178,1
DA:179,1
DA:180,1
DA:187,1
DA:190,2
DA:192,2
DA:193,5
DA:194,5
DA:195,1
DA:197,4
DA:198,4
DA:199,3
DA:205,1
DA:206,1
LF:69
LH:65
BRDA:72,0,0,0
BRDA:72,0,1,1
BRDA:72,1,0,1
BRDA:72,1,1,1
BRDA:90,2,0,0
BRDA:90,2,1,2
BRDA:102,3,0,0
BRDA:102,3,1,0
BRDA:113,4,0,5
BRDA:113,4,1,1
BRDA:143,5,0,1
BRDA:143,5,1,1
BRDA:155,6,0,1
BRDA:155,6,1,1
BRDA:166,7,0,1
BRDA:166,7,1,2
BRDA:185,8,0,0
BRDA:194,9,0,1
BRDA:194,9,1,4
BRDA:198,10,0,3
BRDA:198,10,1,1
BRF:21
BRH:16
end_of_record
TN:
SF:lib\healthCheck.js
FN:9,getSystemHealth
FN:85,(anonymous_1)
FN:87,(anonymous_2)
FNF:3
FNH:3
FNDA:4,getSystemHealth
FNDA:10,(anonymous_1)
FNDA:8,(anonymous_2)
DA:10,4
DA:17,4
DA:19,4
DA:22,4
DA:25,3
DA:31,1
DA:39,4
DA:40,4
DA:45,4
DA:46,4
DA:54,0
DA:62,4
DA:63,4
DA:64,4
DA:66,4
DA:68,4
DA:74,0
DA:85,10
DA:86,1
DA:87,8
DA:88,1
DA:91,4
LF:22
LH:20
BRDA:19,0,0,4
BRDA:19,0,1,4
BRDA:19,0,2,4
BRDA:34,1,0,1
BRDA:34,1,1,0
BRDA:40,2,0,3
BRDA:40,2,1,1
BRDA:48,3,0,3
BRDA:48,3,1,1
BRDA:49,4,0,3
BRDA:49,4,1,1
BRDA:63,5,0,4
BRDA:63,5,1,0
BRDA:70,6,0,4
BRDA:70,6,1,0
BRDA:85,7,0,1
BRDA:85,7,1,3
BRDA:87,8,0,1
BRDA:87,8,1,2
BRF:19
BRH:16
end_of_record
TN:
SF:lib\ollamaClient.js
FN:4,embed
FN:5,(anonymous_1)
FN:13,(anonymous_2)
FN:21,(anonymous_3)
FN:22,(anonymous_4)
FN:26,chatStream
FNF:6
FNH:5
FNDA:13,embed
FNDA:13,(anonymous_1)
FNDA:0,(anonymous_2)
FNDA:13,(anonymous_3)
FNDA:2,(anonymous_4)
FNDA:3,chatStream
DA:2,6
DA:5,13
DA:6,13
DA:12,13
DA:13,2
DA:14,2
DA:17,11
DA:18,11
DA:21,13
DA:22,13
DA:23,13
DA:33,3
DA:40,3
DA:41,1
DA:44,2
DA:45,2
DA:46,2
DA:48,2
DA:49,6
DA:50,6
DA:51,0
DA:54,6
DA:58,6
DA:59,6
DA:60,6
DA:62,6
DA:63,6
DA:64,6
DA:65,5
DA:66,4
DA:68,5
DA:69,2
DA:72,1
LF:33
LH:32
BRDA:12,0,0,2
BRDA:12,0,1,11
BRDA:31,1,0,3
BRDA:40,2,0,1
BRDA:40,2,1,2
BRDA:50,3,0,0
BRDA:50,3,1,6
BRDA:62,4,0,6
BRDA:62,4,1,0
BRDA:65,5,0,4
BRDA:65,5,1,1
BRDA:65,6,0,5
BRDA:65,6,1,4
BRDA:68,7,0,2
BRDA:68,7,1,3
BRF:15
BRH:13
end_of_record
TN:
SF:lib\queryLogger.js
FN:6,(anonymous_0)
FN:12,(anonymous_1)
FN:22,(anonymous_2)
FN:40,(anonymous_3)
FN:43,(anonymous_4)
FNF:5
FNH:5
FNDA:10,(anonymous_0)
FNDA:10,(anonymous_1)
FNDA:5,(anonymous_2)
FNDA:5,(anonymous_3)
FNDA:4,(anonymous_4)
DA:7,10
DA:8,10
DA:9,10
DA:13,10
DA:14,10
DA:15,10
DA:16,8
DA:18,1
DA:23,5
DA:24,5
DA:26,4
DA:28,4
DA:29,1
DA:32,4
DA:34,3
DA:36,1
DA:41,5
DA:42,5
DA:43,4
DA:44,4
LF:20
LH:20
BRDA:24,0,0,1
BRDA:24,0,1,4
BRDA:28,1,0,1
BRDA:28,1,1,3
BRDA:28,2,0,4
BRDA:28,2,1,3
BRDA:42,3,0,4
BRDA:42,3,1,1
BRF:8
BRH:8
end_of_record
TN:
SF:lib\smartChunker.js
FN:4,(anonymous_0)
FN:12,(anonymous_1)
FN:18,(anonymous_2)
FN:26,(anonymous_3)
FN:48,(anonymous_4)
FN:69,(anonymous_5)
FN:118,(anonymous_6)
FN:166,(anonymous_7)
FN:176,(anonymous_8)
FN:235,(anonymous_9)
FN:250,(anonymous_10)
FNF:11
FNH:11
FNDA:24,(anonymous_0)
FNDA:25,(anonymous_1)
FNDA:4,(anonymous_2)
FNDA:7,(anonymous_3)
FNDA:6,(anonymous_4)
FNDA:4,(anonymous_5)
FNDA:4,(anonymous_6)
FNDA:3,(anonymous_7)
FNDA:3,(anonymous_8)
FNDA:4,(anonymous_9)
FNDA:20,(anonymous_10)
DA:5,24
DA:6,24
DA:7,24
DA:13,25
DA:14,25
DA:19,4
DA:20,2
DA:27,7
DA:29,7
DA:30,37
DA:31,37
DA:32,1
DA:37,6
DA:38,28
DA:39,3
DA:43,3
DA:49,6
DA:50,6
DA:52,6
DA:56,2
DA:58,1
DA:60,1
DA:63,2
DA:70,4
DA:71,2
DA:73,2
DA:76,2
DA:78,2
DA:79,2
DA:80,3
DA:83,2
DA:85,1
DA:89,1
DA:90,1
DA:91,1
DA:92,1
DA:97,1
DA:98,3
DA:100,3
DA:101,3
DA:104,3
DA:107,3
DA:108,3
DA:110,3
DA:113,1
DA:119,4
DA:120,3
DA:122,3
DA:125,3
DA:127,3
DA:128,3
DA:129,6
DA:136,3
DA:138,1
DA:141,2
DA:142,2
DA:143,5
DA:144,5
DA:146,5
DA:147,5
DA:148,5
DA:150,5
DA:154,2
DA:155,1
DA:156,1
DA:157,1
DA:161,2
DA:167,3
DA:168,2
DA:170,2
DA:171,2
DA:172,2
DA:177,3
DA:178,2
DA:180,2
DA:183,2
DA:185,2
DA:188,2
DA:189,2
DA:190,1
DA:191,1
DA:192,1
DA:197,2
DA:198,1
DA:201,2
DA:202,2
DA:203,3
DA:211,2
DA:213,2
DA:214,3
DA:215,3
DA:217,3
DA:219,3
DA:220,3
DA:223,3
DA:224,3
DA:225,3
DA:226,2
DA:228,1
DA:232,3
DA:235,4
DA:237,3
DA:238,3
DA:242,2
DA:243,1
DA:246,2
DA:251,20
DA:252,20
DA:255,19
DA:256,17
DA:257,17
DA:261,2
DA:262,2
DA:264,2
DA:265,3
DA:266,3
DA:268,3
DA:270,2
DA:271,1
DA:273,1
DA:275,1
DA:276,1
DA:279,1
DA:283,2
DA:284,2
DA:285,2
DA:286,6
DA:287,6
DA:289,2
DA:290,2
DA:291,2
DA:294,4
DA:298,4
DA:299,0
DA:302,4
DA:307,4
DA:309,2
DA:313,1
DA:314,1
DA:317,2
DA:318,2
LF:141
LH:140
BRDA:4,0,0,24
BRDA:12,1,0,0
BRDA:19,2,0,2
BRDA:19,2,1,2
BRDA:31,3,0,1
BRDA:31,3,1,36
BRDA:31,4,0,37
BRDA:31,4,1,37
BRDA:31,4,2,37
BRDA:31,4,3,36
BRDA:38,5,0,3
BRDA:38,5,1,25
BRDA:52,6,0,1
BRDA:52,6,1,1
BRDA:52,6,2,2
BRDA:52,6,3,1
BRDA:52,6,4,1
BRDA:52,6,5,2
BRDA:70,7,0,2
BRDA:70,7,1,2
BRDA:70,8,0,4
BRDA:70,8,1,3
BRDA:83,9,0,1
BRDA:83,9,1,1
BRDA:89,10,0,1
BRDA:89,10,1,0
BRDA:91,11,0,1
BRDA:91,11,1,0
BRDA:100,12,0,2
BRDA:100,12,1,1
BRDA:107,13,0,3
BRDA:107,13,1,0
BRDA:119,14,0,1
BRDA:119,14,1,3
BRDA:119,15,0,4
BRDA:119,15,1,3
BRDA:136,16,0,1
BRDA:136,16,1,2
BRDA:146,17,0,5
BRDA:146,17,1,0
BRDA:154,18,0,1
BRDA:154,18,1,1
BRDA:156,19,0,1
BRDA:156,19,1,0
BRDA:167,20,0,1
BRDA:167,20,1,2
BRDA:167,21,0,3
BRDA:167,21,1,3
BRDA:177,22,0,1
BRDA:177,22,1,2
BRDA:177,23,0,3
BRDA:177,23,1,3
BRDA:189,24,0,1
BRDA:189,24,1,1
BRDA:189,25,0,2
BRDA:189,25,1,1
BRDA:191,26,0,1
BRDA:191,26,1,0
BRDA:197,27,0,1
BRDA:197,27,1,1
BRDA:217,28,0,2
BRDA:217,28,1,1
BRDA:225,29,0,2
BRDA:225,29,1,1
BRDA:242,30,0,1
BRDA:242,30,1,1
BRDA:252,31,0,1
BRDA:252,31,1,19
BRDA:255,32,0,17
BRDA:255,32,1,2
BRDA:266,33,0,0
BRDA:266,33,1,3
BRDA:268,34,0,2
BRDA:268,34,1,1
BRDA:270,35,0,1
BRDA:270,35,1,1
BRDA:275,36,0,1
BRDA:275,36,1,0
BRDA:275,37,0,1
BRDA:275,37,1,1
BRDA:283,38,0,2
BRDA:283,38,1,0
BRDA:287,39,0,2
BRDA:287,39,1,4
BRDA:289,40,0,1
BRDA:289,40,1,1
BRDA:298,41,0,0
BRDA:298,41,1,4
BRDA:313,42,0,0
BRDA:313,42,1,1
BRDA:317,43,0,2
BRDA:317,43,1,0
BRF:92
BRH:79
end_of_record
TN:
SF:lib\vectorStore.js
FN:8,(anonymous_0)
FN:23,(anonymous_1)
FN:65,(anonymous_2)
FN:75,(anonymous_3)
FNF:4
FNH:3
FNDA:7,(anonymous_0)
FNDA:7,(anonymous_1)
FNDA:0,(anonymous_2)
FNDA:1,(anonymous_3)
DA:9,7
DA:10,7
DA:11,7
DA:12,7
DA:13,7
DA:24,7
DA:26,7
DA:29,7
DA:30,7
DA:31,5
DA:34,5
DA:35,5
DA:38,2
DA:42,2
DA:44,2
DA:45,2
DA:46,2
DA:47,1
DA:53,1
DA:54,1
DA:58,1
DA:60,1
DA:61,1
DA:66,0
DA:76,1
DA:77,0
DA:80,1
DA:81,0
DA:86,1
DA:88,1
DA:93,1
DA:95,1
DA:97,3
DA:108,1
DA:110,0
DA:111,0
LF:36
LH:31
BRDA:30,0,0,5
BRDA:30,0,1,2
BRDA:44,1,0,2
BRDA:44,1,1,0
BRDA:45,2,0,2
BRDA:45,2,1,0
BRDA:46,3,0,1
BRDA:46,3,1,1
BRDA:46,4,0,2
BRDA:46,4,1,2
BRDA:53,5,0,1
BRDA:53,5,1,0
BRDA:66,6,0,0
BRDA:66,6,1,0
BRDA:76,7,0,0
BRDA:76,7,1,1
BRDA:76,8,0,1
BRDA:76,8,1,1
BRDA:80,9,0,0
BRDA:80,9,1,1
BRDA:80,10,0,1
BRDA:80,10,1,0
BRDA:99,11,0,3
BRDA:99,11,1,3
BRDA:101,12,0,3
BRDA:101,12,1,0
BRDA:101,13,0,0
BRDA:101,13,1,0
BRF:28
BRH:17
end_of_record
TN:
SF:lib\xmlLogger.js
FN:6,(anonymous_0)
FN:18,(anonymous_1)
FN:33,(anonymous_2)
FNF:3
FNH:3
FNDA:9,(anonymous_0)
FNDA:9,(anonymous_1)
FNDA:1,(anonymous_2)
DA:7,9
DA:14,9
DA:15,9
DA:19,9
DA:20,9
DA:21,8
DA:23,2
DA:29,0
DA:34,1
DA:35,1
DA:36,1
DA:37,1
DA:44,1
DA:47,1
DA:50,1
DA:52,1
DA:53,1
DA:55,0
DA:56,0
DA:61,7
LF:20
LH:17
BRDA:6,0,0,0
BRDA:21,1,0,2
BRDA:21,1,1,6
BRF:3
BRH:2
end_of_record
